<?xml version="1.0" encoding="UTF-8"?>
<!-- Generated by org.testng.reporters.JUnitReportReporter -->
<testsuite hostname="DESKTOP-H1ECC4V" failures="0" tests="4" name="script.demo3" time="40.227" errors="0" timestamp="2022-05-09T22:04:03 CDT" skipped="0">
  <testcase classname="script.demo3" name="test3" time="10.917"/>
  <system-out>
    <![CDATA[A1
B1
C1]]>
  </system-out>
  <testcase classname="script.demo3" name="test3" time="12.191"/>
  <system-out>
    <![CDATA[A3

C3]]>
  </system-out>
  <testcase classname="script.demo3" name="test3" time="9.840"/>
  <system-out>
    <![CDATA[A2
B2]]>
  </system-out>
  <testcase classname="script.demo3" name="test3" time="7.279"/>
  <system-out>
    <![CDATA[A4]]>
  </system-out>
</testsuite> <!-- script.demo3 -->
