<?xml version="1.0" encoding="UTF-8"?>
<!-- Generated by org.testng.reporters.JUnitReportReporter -->
<testsuite hostname="DESKTOP-H1ECC4V" failures="0" tests="2" name="script.demo4" time="0.002" errors="0" timestamp="2022-05-09T22:04:03 CDT" skipped="0">
  <testcase classname="script.demo4" name="testB" time="0.000"/>
  <system-out>
    <![CDATA[testB]]>
  </system-out>
  <testcase classname="script.demo4" name="testA" time="0.002"/>
  <system-out>
    <![CDATA[testA]]>
  </system-out>
</testsuite> <!-- script.demo4 -->
