<?xml version="1.0" encoding="UTF-8"?>
<!-- Generated by org.testng.reporters.JUnitReportReporter -->
<testsuite hostname="DESKTOP-H1ECC4V" failures="0" tests="1" name="script.ValidLogin" time="19.062" errors="0" timestamp="2022-05-11T22:58:41 CDT" skipped="0">
  <testcase classname="script.ValidLogin" name="testValidLogin" time="19.062"/>
  <system-out/>
</testsuite> <!-- script.ValidLogin -->
