<?xml version="1.0" encoding="UTF-8"?>
<!-- Generated by org.testng.reporters.JUnitReportReporter -->
<testsuite hostname="DESKTOP-H1ECC4V" failures="0" tests="1" name="script.demo1" time="12.229" errors="0" timestamp="2022-05-09T22:04:03 CDT" skipped="0">
  <testcase classname="script.demo1" name="test1" time="12.229"/>
  <system-out>
    <![CDATA[Facebook - log in or sign up
admin
manager
bhanu
abcd
akshara
xyz]]>
  </system-out>
</testsuite> <!-- script.demo1 -->
