<?xml version="1.0" encoding="UTF-8"?>
<!-- Generated by org.testng.reporters.JUnitReportReporter -->
<testsuite hostname="DESKTOP-H1ECC4V" failures="0" tests="3" name="script.demo2" time="33.002" errors="0" timestamp="2022-05-09T22:04:03 CDT" skipped="0">
  <testcase classname="script.demo2" name="test2" time="14.288"/>
  <system-out>
    <![CDATA[Facebook - log in or sign up
A1
B1]]>
  </system-out>
  <testcase classname="script.demo2" name="test2" time="8.558"/>
  <system-out>
    <![CDATA[Facebook - log in or sign up
A3
B3]]>
  </system-out>
  <testcase classname="script.demo2" name="test2" time="10.156"/>
  <system-out>
    <![CDATA[Facebook - log in or sign up
A2
B2]]>
  </system-out>
</testsuite> <!-- script.demo2 -->
