<?xml version="1.0" encoding="UTF-8"?>
<!-- Generated by org.testng.reporters.JUnitReportReporter -->
<testsuite hostname="DESKTOP-H1ECC4V" failures="0" tests="1" name="script.demo5" time="0.330" errors="0" timestamp="2022-05-09T22:04:03 CDT" skipped="0">
  <testcase classname="script.demo5" name="test_report" time="0.330"/>
  <system-out/>
</testsuite> <!-- script.demo5 -->
