<?xml version="1.0" encoding="UTF-8"?>
<!-- Generated by org.testng.reporters.JUnitReportReporter -->
<testsuite hostname="DESKTOP-H1ECC4V" failures="0" tests="1" name="script.InvalidLogin" time="14.808" errors="0" timestamp="2022-05-12T21:36:53 CDT" skipped="0">
  <testcase classname="script.InvalidLogin" name="testInvalidLogin" time="14.808"/>
  <system-out/>
</testsuite> <!-- script.InvalidLogin -->
